** install_queued_packages
** mkdir -p /etc/yum.repos.d
** rpm -qi gpg-pubkey-${t_short_id}
package gpg-pubkey-4bd6ec30 is not installed
** rpm --import "$(installer_dir)/gpg/GPG-KEY-puppetlabs"
## Installing packages from repositories...
** yum -y -d2 install 'puppet-agent' 'pe-bundler' 'pe-installer' 
Loaded plugins: fastestmirror
Loaded plugins: fastestmirror
Loading mirror speeds from cached hostfile
 * base: ftp.sjtu.edu.cn
 * extras: mirrors.cn99.com
 * updates: mirrors.cn99.com
Loading mirror speeds from cached hostfile
 * base: ftp.sjtu.edu.cn
 * extras: mirrors.cn99.com
 * updates: mirrors.cn99.com
Resolving Dependencies
--> Running transaction check
---> Package pe-bundler.noarch 0:1.8.2-3.pe.el7 will be installed
Resolving Dependencies
--> Running transaction check
---> Package pe-bundler.noarch 0:1.8.2-3.pe.el7 will be installed
---> Package pe-installer.x86_64 0:2015.3.2-1.el7 will be installed
---> Package puppet-agent.x86_64 0:1.3.6-1.el7 will be installed
---> Package pe-installer.x86_64 0:2015.3.2-1.el7 will be installed
---> Package puppet-agent.x86_64 0:1.3.6-1.el7 will be installed
--> Finished Dependency Resolution
--> Finished Dependency Resolution

Dependencies Resolved

================================================================================
 Package        Arch     Version            Repository                     Size
================================================================================
Installing:
 pe-bundler     noarch   1.8.2-3.pe.el7     puppet-enterprise-installer   218 k
 pe-installer   x86_64   2015.3.2-1.el7     puppet-enterprise-installer   3.4 M
 puppet-agent   x86_64   1.3.6-1.el7        puppet-enterprise-installer    22 M

Transaction Summary
================================================================================
Install  3 Packages

Total download size: 26 M
Installed size: 115 M
Downloading packages:

Dependencies Resolved

================================================================================
 Package        Arch     Version            Repository                     Size
================================================================================
Installing:
 pe-bundler     noarch   1.8.2-3.pe.el7     puppet-enterprise-installer   218 k
 pe-installer   x86_64   2015.3.2-1.el7     puppet-enterprise-installer   3.4 M
 puppet-agent   x86_64   1.3.6-1.el7        puppet-enterprise-installer    22 M

Transaction Summary
================================================================================
Install  3 Packages

Total download size: 26 M
Installed size: 115 M
Downloading packages:
--------------------------------------------------------------------------------
Total                                              139 MB/s |  26 MB  00:00     
--------------------------------------------------------------------------------
Total                                              139 MB/s |  26 MB  00:00     
Running transaction check
Running transaction check
Running transaction test
Running transaction test
Transaction test succeeded
Running transaction
Transaction test succeeded
Running transaction
  Installing : puppet-agent-1.3.6-1.el7.x86_64                              1/3  Installing : puppet-agent-1.3.6-1.el7.x86_64                              1/3 
  Installing : pe-bundler-1.8.2-3.pe.el7.noarch                             2/3 
  Installing : pe-bundler-1.8.2-3.pe.el7.noarch                             2/3 
  Installing : pe-installer-2015.3.2-1.el7.x86_64                           3/3 
  Installing : pe-installer-2015.3.2-1.el7.x86_64                           3/3 
  Verifying  : puppet-agent-1.3.6-1.el7.x86_64                              1/3 
  Verifying  : puppet-agent-1.3.6-1.el7.x86_64                              1/3 
  Verifying  : pe-installer-2015.3.2-1.el7.x86_64                           2/3 
  Verifying  : pe-installer-2015.3.2-1.el7.x86_64                           2/3 
  Verifying  : pe-bundler-1.8.2-3.pe.el7.noarch                             3/3 
  Verifying  : pe-bundler-1.8.2-3.pe.el7.noarch                             3/3 

Installed:
  pe-bundler.noarch 0:1.8.2-3.pe.el7    pe-installer.x86_64 0:2015.3.2-1.el7   
  puppet-agent.x86_64 0:1.3.6-1.el7    

Complete!
 

Installed:
  pe-bundler.noarch 0:1.8.2-3.pe.el7    pe-installer.x86_64 0:2015.3.2-1.el7   
  puppet-agent.x86_64 0:1.3.6-1.el7    

Complete!
** yum clean all --disablerepo='*' --enablerepo=puppet-enterprise-installer
Loaded plugins: fastestmirror
Loaded plugins: fastestmirror
Cleaning repos: puppet-enterprise-installer
Cleaning up everything
Cleaning up list of fastest mirrors
Cleaning repos: puppet-enterprise-installer
Cleaning up everything
Cleaning up list of fastest mirrors
** rm -f /etc/yum.repos.d/puppet-enterprise-installer.repo
** mkdir -p '/opt/puppetlabs/puppet/share/installer/installer'
** cp -pR '/vagrant/puppet-enterprise-2015.3.3-el-7-x86_64'/* '/opt/puppetlabs/puppet/share/installer/installer'
** cp /tmp/pe-installer-eRb6YACK/install/install_log.lastrun.localhost.log /var/log/puppetlabs/installer
+ eval 'cp /tmp/pe-installer-eRb6YACK/install/install_log.lastrun.localhost.log /var/log/puppetlabs/installer'
++ cp /tmp/pe-installer-eRb6YACK/install/install_log.lastrun.localhost.log /var/log/puppetlabs/installer
** sed "s/^\(q_.*password\)=.*/#\1=REDACTED/g" < "/tmp/pe-installer-eRb6YACK/install/answers.lastrun.localhost" > "/var/log/puppetlabs/installer/answers.install"
+ eval 'sed "s/^\(q_.*password\)=.*/#\1=REDACTED/g" < "/tmp/pe-installer-eRb6YACK/install/answers.lastrun.localhost" > "/var/log/puppetlabs/installer/answers.install"'
++ sed 's/^\(q_.*password\)=.*/#\1=REDACTED/g'
